# JRE version: OpenJDK Runtime Environment Temurin-21.0.10+7 (21.0.10+7) (build 21.0.10+7-LTS)
# Java VM: OpenJDK 64-Bit Server VM Temurin-21.0.10+7 (21.0.10+7-LTS, mixed mode, sharing, tiered, compressed oops, compressed class ptrs, parallel gc, windows-amd64)
GC Precious Log:
 CardTable entry size: 512
 CPUs: 4 total, 4 available
 Memory: 6078M
 Large Page Support: Disabled
 NUMA Support: Disabled
 Compressed Oops: Enabled (32-bit)
 Alignments: Space 512K, Generation 512K, Heap 2M
 Heap Min Capacity: 100M
 Heap Initial Capacity: 100M
 Heap Max Capacity: 2G
 Pre-touch: Disabled
 Parallel Workers: 4
Heap:
 PSYoungGen      total 47104K, used 20843K [0x00000000d5580000, 0x00000000d9200000, 0x0000000100000000)
  eden space 45568K, 42% used [0x00000000d5580000,0x00000000d685c428,0x00000000d8200000)
  from space 1536K, 99% used [0x00000000d8200000,0x00000000d837e898,0x00000000d8380000)
  to   space 3584K, 0% used [0x00000000d8e80000,0x00000000d8e80000,0x00000000d9200000)
 ParOldGen       total 1127936K, used 215797K [0x0000000080000000, 0x00000000c4d80000, 0x00000000d5580000)
  object space 1127936K, 19% used [0x0000000080000000,0x000000008d2bd420,0x00000000c4d80000)
 Metaspace       used 77861K, committed 79488K, reserved 1179648K
  class space    used 7920K, committed 8704K, reserved 1048576K
GC Heap History (20 events):
Event: 4413.281 GC heap before
{Heap before GC invocations=782 (full 4):
 PSYoungGen      total 27136K, used 25754K [0x00000000d5580000, 0x00000000d7700000, 0x0000000100000000)
  eden space 26112K, 94% used [0x00000000d5580000,0x00000000d6da7d40,0x00000000d6f00000)
  from space 1024K, 99% used [0x00000000d7580000,0x00000000d767ee00,0x00000000d7680000)
  to   space 512K, 0% used [0x00000000d7680000,0x00000000d7680000,0x00000000d7700000)
 ParOldGen       total 1127936K, used 203348K [0x0000000080000000, 0x00000000c4d80000, 0x00000000d5580000)
  object space 1127936K, 18% used [0x0000000080000000,0x000000008c695308,0x00000000c4d80000)
 Metaspace       used 77567K, committed 79168K, reserved 1179648K
  class space    used 7907K, committed 8704K, reserved 1048576K
}
Event: 4413.284 GC heap after
{Heap after GC invocations=782 (full 4):
 PSYoungGen      total 26112K, used 393K [0x00000000d5580000, 0x00000000d7700000, 0x0000000100000000)
  eden space 25600K, 0% used [0x00000000d5580000,0x00000000d5580000,0x00000000d6e80000)
  from space 512K, 76% used [0x00000000d7680000,0x00000000d76e2400,0x00000000d7700000)
  to   space 1024K, 0% used [0x00000000d7500000,0x00000000d7500000,0x00000000d7600000)
 ParOldGen       total 1127936K, used 203481K [0x0000000080000000, 0x00000000c4d80000, 0x00000000d5580000)
  object space 1127936K, 18% used [0x0000000080000000,0x000000008c6b6788,0x00000000c4d80000)
 Metaspace       used 77567K, committed 79168K, reserved 1179648K
  class space    used 7907K, committed 8704K, reserved 1048576K
}
Event: 4415.107 GC heap before
{Heap before GC invocations=783 (full 4):
 PSYoungGen      total 26112K, used 25845K [0x00000000d5580000, 0x00000000d7700000, 0x0000000100000000)
  eden space 25600K, 99% used [0x00000000d5580000,0x00000000d6e5b208,0x00000000d6e80000)
  from space 512K, 76% used [0x00000000d7680000,0x00000000d76e2400,0x00000000d7700000)
  to   space 1024K, 0% used [0x00000000d7500000,0x00000000d7500000,0x00000000d7600000)
 ParOldGen       total 1127936K, used 203481K [0x0000000080000000, 0x00000000c4d80000, 0x00000000d5580000)
  object space 1127936K, 18% used [0x0000000080000000,0x000000008c6b6788,0x00000000c4d80000)
 Metaspace       used 77580K, committed 79168K, reserved 1179648K
  class space    used 7907K, committed 8704K, reserved 1048576K
}
Event: 4415.123 GC heap after
{Heap after GC invocations=783 (full 4):
 PSYoungGen      total 26112K, used 1005K [0x00000000d5580000, 0x00000000d7900000, 0x0000000100000000)
  eden space 25088K, 0% used [0x00000000d5580000,0x00000000d5580000,0x00000000d6e00000)
  from space 1024K, 98% used [0x00000000d7500000,0x00000000d75fb6f0,0x00000000d7600000)
  to   space 3072K, 0% used [0x00000000d7600000,0x00000000d7600000,0x00000000d7900000)
 ParOldGen       total 1127936K, used 207153K [0x0000000080000000, 0x00000000c4d80000, 0x00000000d5580000)
  object space 1127936K, 18% used [0x0000000080000000,0x000000008ca4c458,0x00000000c4d80000)
 Metaspace       used 77580K, committed 79168K, reserved 1179648K
  class space    used 7907K, committed 8704K, reserved 1048576K
}
Event: 4418.030 GC heap before
{Heap before GC invocations=784 (full 4):
 PSYoungGen      total 26112K, used 26093K [0x00000000d5580000, 0x00000000d7900000, 0x0000000100000000)
  eden space 25088K, 100% used [0x00000000d5580000,0x00000000d6e00000,0x00000000d6e00000)
  from space 1024K, 98% used [0x00000000d7500000,0x00000000d75fb6f0,0x00000000d7600000)
  to   space 3072K, 0% used [0x00000000d7600000,0x00000000d7600000,0x00000000d7900000)
 ParOldGen       total 1127936K, used 207153K [0x0000000080000000, 0x00000000c4d80000, 0x00000000d5580000)
  object space 1127936K, 18% used [0x0000000080000000,0x000000008ca4c458,0x00000000c4d80000)
 Metaspace       used 77845K, committed 79424K, reserved 1179648K
  class space    used 7920K, committed 8704K, reserved 1048576K
}
Event: 4418.034 GC heap after
{Heap after GC invocations=784 (full 4):
 PSYoungGen      total 26112K, used 1326K [0x00000000d5580000, 0x00000000d7780000, 0x0000000100000000)
  eden space 24576K, 0% used [0x00000000d5580000,0x00000000d5580000,0x00000000d6d80000)
  from space 1536K, 86% used [0x00000000d7600000,0x00000000d774b8c8,0x00000000d7780000)
  to   space 2560K, 0% used [0x00000000d7280000,0x00000000d7280000,0x00000000d7500000)
 ParOldGen       total 1127936K, used 207257K [0x0000000080000000, 0x00000000c4d80000, 0x00000000d5580000)
  object space 1127936K, 18% used [0x0000000080000000,0x000000008ca66458,0x00000000c4d80000)
 Metaspace       used 77845K, committed 79424K, reserved 1179648K
  class space    used 7920K, committed 8704K, reserved 1048576K
}
Event: 4418.111 GC heap before
{Heap before GC invocations=785 (full 4):
 PSYoungGen      total 26112K, used 25902K [0x00000000d5580000, 0x00000000d7780000, 0x0000000100000000)
  eden space 24576K, 100% used [0x00000000d5580000,0x00000000d6d80000,0x00000000d6d80000)
  from space 1536K, 86% used [0x00000000d7600000,0x00000000d774b8c8,0x00000000d7780000)
  to   space 2560K, 0% used [0x00000000d7280000,0x00000000d7280000,0x00000000d7500000)
 ParOldGen       total 1127936K, used 207257K [0x0000000080000000, 0x00000000c4d80000, 0x00000000d5580000)
  object space 1127936K, 18% used [0x0000000080000000,0x000000008ca66458,0x00000000c4d80000)
 Metaspace       used 77845K, committed 79424K, reserved 1179648K
  class space    used 7920K, committed 8704K, reserved 1048576K
}
Event: 4418.498 GC heap after
{Heap after GC invocations=785 (full 4):
 PSYoungGen      total 32256K, used 837K [0x00000000d5580000, 0x00000000d7680000, 0x0000000100000000)
  eden space 29696K, 0% used [0x00000000d5580000,0x00000000d5580000,0x00000000d7280000)
  from space 2560K, 32% used [0x00000000d7280000,0x00000000d7351720,0x00000000d7500000)
  to   space 1536K, 0% used [0x00000000d7500000,0x00000000d7500000,0x00000000d7680000)
 ParOldGen       total 1127936K, used 208411K [0x0000000080000000, 0x00000000c4d80000, 0x00000000d5580000)
  object space 1127936K, 18% used [0x0000000080000000,0x000000008cb86e78,0x00000000c4d80000)
 Metaspace       used 77845K, committed 79424K, reserved 1179648K
  class space    used 7920K, committed 8704K, reserved 1048576K
}
Event: 4418.575 GC heap before
{Heap before GC invocations=786 (full 4):
 PSYoungGen      total 32256K, used 30533K [0x00000000d5580000, 0x00000000d7680000, 0x0000000100000000)
  eden space 29696K, 100% used [0x00000000d5580000,0x00000000d7280000,0x00000000d7280000)
  from space 2560K, 32% used [0x00000000d7280000,0x00000000d7351720,0x00000000d7500000)
  to   space 1536K, 0% used [0x00000000d7500000,0x00000000d7500000,0x00000000d7680000)
 ParOldGen       total 1127936K, used 208411K [0x0000000080000000, 0x00000000c4d80000, 0x00000000d5580000)
  object space 1127936K, 18% used [0x0000000080000000,0x000000008cb86e78,0x00000000c4d80000)
 Metaspace       used 77845K, committed 79424K, reserved 1179648K
  class space    used 7920K, committed 8704K, reserved 1048576K
}
Event: 4419.136 GC heap after
{Heap after GC invocations=786 (full 4):
 PSYoungGen      total 32768K, used 877K [0x00000000d5580000, 0x00000000d7a80000, 0x0000000100000000)
  eden space 31232K, 0% used [0x00000000d5580000,0x00000000d5580000,0x00000000d7400000)
  from space 1536K, 57% used [0x00000000d7500000,0x00000000d75db578,0x00000000d7680000)
  to   space 1024K, 0% used [0x00000000d7400000,0x00000000d7400000,0x00000000d7500000)
 ParOldGen       total 1127936K, used 209071K [0x0000000080000000, 0x00000000c4d80000, 0x00000000d5580000)
  object space 1127936K, 18% used [0x0000000080000000,0x000000008cc2be90,0x00000000c4d80000)
 Metaspace       used 77845K, committed 79424K, reserved 1179648K
  class space    used 7920K, committed 8704K, reserved 1048576K
}
Event: 4419.233 GC heap before
{Heap before GC invocations=787 (full 4):
 PSYoungGen      total 32768K, used 32109K [0x00000000d5580000, 0x00000000d7a80000, 0x0000000100000000)
  eden space 31232K, 100% used [0x00000000d5580000,0x00000000d7400000,0x00000000d7400000)
  from space 1536K, 57% used [0x00000000d7500000,0x00000000d75db578,0x00000000d7680000)
  to   space 1024K, 0% used [0x00000000d7400000,0x00000000d7400000,0x00000000d7500000)
 ParOldGen       total 1127936K, used 209071K [0x0000000080000000, 0x00000000c4d80000, 0x00000000d5580000)
  object space 1127936K, 18% used [0x0000000080000000,0x000000008cc2be90,0x00000000c4d80000)
 Metaspace       used 77845K, committed 79424K, reserved 1179648K
  class space    used 7920K, committed 8704K, reserved 1048576K
}
Event: 4419.855 GC heap after
{Heap after GC invocations=787 (full 4):
 PSYoungGen      total 32256K, used 1016K [0x00000000d5580000, 0x00000000d7e80000, 0x0000000100000000)
  eden space 31232K, 0% used [0x00000000d5580000,0x00000000d5580000,0x00000000d7400000)
  from space 1024K, 99% used [0x00000000d7400000,0x00000000d74fe3e8,0x00000000d7500000)
  to   space 2048K, 0% used [0x00000000d7c80000,0x00000000d7c80000,0x00000000d7e80000)
 ParOldGen       total 1127936K, used 209850K [0x0000000080000000, 0x00000000c4d80000, 0x00000000d5580000)
  object space 1127936K, 18% used [0x0000000080000000,0x000000008ccee848,0x00000000c4d80000)
 Metaspace       used 77845K, committed 79424K, reserved 1179648K
  class space    used 7920K, committed 8704K, reserved 1048576K
}
Event: 4419.964 GC heap before
{Heap before GC invocations=788 (full 4):
 PSYoungGen      total 32256K, used 32248K [0x00000000d5580000, 0x00000000d7e80000, 0x0000000100000000)
  eden space 31232K, 100% used [0x00000000d5580000,0x00000000d7400000,0x00000000d7400000)
  from space 1024K, 99% used [0x00000000d7400000,0x00000000d74fe3e8,0x00000000d7500000)
  to   space 2048K, 0% used [0x00000000d7c80000,0x00000000d7c80000,0x00000000d7e80000)
 ParOldGen       total 1127936K, used 209850K [0x0000000080000000, 0x00000000c4d80000, 0x00000000d5580000)
  object space 1127936K, 18% used [0x0000000080000000,0x000000008ccee848,0x00000000c4d80000)
 Metaspace       used 77845K, committed 79424K, reserved 1179648K
  class space    used 7920K, committed 8704K, reserved 1048576K
}
Event: 4421.377 GC heap after
{Heap after GC invocations=788 (full 4):
 PSYoungGen      total 38912K, used 795K [0x00000000d5580000, 0x00000000d7d80000, 0x0000000100000000)
  eden space 37888K, 0% used [0x00000000d5580000,0x00000000d5580000,0x00000000d7a80000)
  from space 1024K, 77% used [0x00000000d7c80000,0x00000000d7d46e88,0x00000000d7d80000)
  to   space 1536K, 0% used [0x00000000d7a80000,0x00000000d7a80000,0x00000000d7c00000)
 ParOldGen       total 1127936K, used 210842K [0x0000000080000000, 0x00000000c4d80000, 0x00000000d5580000)
  object space 1127936K, 18% used [0x0000000080000000,0x000000008cde6b40,0x00000000c4d80000)
 Metaspace       used 77845K, committed 79424K, reserved 1179648K
  class space    used 7920K, committed 8704K, reserved 1048576K
}
Event: 4421.446 GC heap before
{Heap before GC invocations=789 (full 4):
 PSYoungGen      total 38912K, used 38683K [0x00000000d5580000, 0x00000000d7d80000, 0x0000000100000000)
  eden space 37888K, 100% used [0x00000000d5580000,0x00000000d7a80000,0x00000000d7a80000)
  from space 1024K, 77% used [0x00000000d7c80000,0x00000000d7d46e88,0x00000000d7d80000)
  to   space 1536K, 0% used [0x00000000d7a80000,0x00000000d7a80000,0x00000000d7c00000)
 ParOldGen       total 1127936K, used 210842K [0x0000000080000000, 0x00000000c4d80000, 0x00000000d5580000)
  object space 1127936K, 18% used [0x0000000080000000,0x000000008cde6b40,0x00000000c4d80000)
 Metaspace       used 77845K, committed 79424K, reserved 1179648K
  class space    used 7920K, committed 8704K, reserved 1048576K
}
Event: 4423.293 GC heap after
{Heap after GC invocations=789 (full 4):
 PSYoungGen      total 39424K, used 1143K [0x00000000d5580000, 0x00000000d8500000, 0x0000000100000000)
  eden space 37888K, 0% used [0x00000000d5580000,0x00000000d5580000,0x00000000d7a80000)
  from space 1536K, 74% used [0x00000000d7a80000,0x00000000d7b9df40,0x00000000d7c00000)
  to   space 1536K, 0% used [0x00000000d8380000,0x00000000d8380000,0x00000000d8500000)
 ParOldGen       total 1127936K, used 213326K [0x0000000080000000, 0x00000000c4d80000, 0x00000000d5580000)
  object space 1127936K, 18% used [0x0000000080000000,0x000000008d053908,0x00000000c4d80000)
 Metaspace       used 77845K, committed 79424K, reserved 1179648K
  class space    used 7920K, committed 8704K, reserved 1048576K
}
Event: 4423.362 GC heap before
{Heap before GC invocations=790 (full 4):
 PSYoungGen      total 39424K, used 39031K [0x00000000d5580000, 0x00000000d8500000, 0x0000000100000000)
  eden space 37888K, 100% used [0x00000000d5580000,0x00000000d7a80000,0x00000000d7a80000)
  from space 1536K, 74% used [0x00000000d7a80000,0x00000000d7b9df40,0x00000000d7c00000)
  to   space 1536K, 0% used [0x00000000d8380000,0x00000000d8380000,0x00000000d8500000)
 ParOldGen       total 1127936K, used 213326K [0x0000000080000000, 0x00000000c4d80000, 0x00000000d5580000)
  object space 1127936K, 18% used [0x0000000080000000,0x000000008d053908,0x00000000c4d80000)
 Metaspace       used 77845K, committed 79424K, reserved 1179648K
  class space    used 7920K, committed 8704K, reserved 1048576K
}
Event: 4423.554 GC heap after
{Heap after GC invocations=790 (full 4):
 PSYoungGen      total 47104K, used 992K [0x00000000d5580000, 0x00000000d8500000, 0x0000000100000000)
  eden space 45568K, 0% used [0x00000000d5580000,0x00000000d5580000,0x00000000d8200000)
  from space 1536K, 64% used [0x00000000d8380000,0x00000000d8478000,0x00000000d8500000)
  to   space 1536K, 0% used [0x00000000d8200000,0x00000000d8200000,0x00000000d8380000)
 ParOldGen       total 1127936K, used 214421K [0x0000000080000000, 0x00000000c4d80000, 0x00000000d5580000)
  object space 1127936K, 19% used [0x0000000080000000,0x000000008d165410,0x00000000c4d80000)
 Metaspace       used 77845K, committed 79424K, reserved 1179648K
  class space    used 7920K, committed 8704K, reserved 1048576K
}
Event: 4423.665 GC heap before
{Heap before GC invocations=791 (full 4):
 PSYoungGen      total 47104K, used 46560K [0x00000000d5580000, 0x00000000d8500000, 0x0000000100000000)
  eden space 45568K, 100% used [0x00000000d5580000,0x00000000d8200000,0x00000000d8200000)
  from space 1536K, 64% used [0x00000000d8380000,0x00000000d8478000,0x00000000d8500000)
  to   space 1536K, 0% used [0x00000000d8200000,0x00000000d8200000,0x00000000d8380000)
 ParOldGen       total 1127936K, used 214421K [0x0000000080000000, 0x00000000c4d80000, 0x00000000d5580000)
  object space 1127936K, 19% used [0x0000000080000000,0x000000008d165410,0x00000000c4d80000)
 Metaspace       used 77845K, committed 79424K, reserved 1179648K
  class space    used 7920K, committed 8704K, reserved 1048576K
}
Event: 4424.279 GC heap after
{Heap after GC invocations=791 (full 4):
 PSYoungGen      total 47104K, used 1530K [0x00000000d5580000, 0x00000000d9200000, 0x0000000100000000)
  eden space 45568K, 0% used [0x00000000d5580000,0x00000000d5580000,0x00000000d8200000)
  from space 1536K, 99% used [0x00000000d8200000,0x00000000d837e898,0x00000000d8380000)
  to   space 3584K, 0% used [0x00000000d8e80000,0x00000000d8e80000,0x00000000d9200000)
 ParOldGen       total 1127936K, used 215797K [0x0000000080000000, 0x00000000c4d80000, 0x00000000d5580000)
  object space 1127936K, 19% used [0x0000000080000000,0x000000008d2bd420,0x00000000c4d80000)
 Metaspace       used 77845K, committed 79424K, reserved 1179648K
  class space    used 7920K, committed 8704K, reserved 1048576K
}

